Arguments: 
  C:\Program Files\nodejs\node.exe C:\Program Files (x86)\Yarn\bin\yarn.js add eslint

PATH: 
  C:\Program Files\Common Files\Oracle\Java\javapath;C:\Program Files (x86)\Razer Chroma SDK\bin;C:\Program Files\Razer Chroma SDK\bin;C:\Program Files (x86)\Razer\ChromaBroadcast\bin;C:\Program Files\Razer\ChromaBroadcast\bin;C:\Python39\Scripts\;C:\Python39\;C:\Windows\system32;C:\Windows;C:\Windows\System32\Wbem;C:\Windows\System32\WindowsPowerShell\v1.0\;C:\Windows\System32\OpenSSH\;C:\ProgramData\chocolatey\bin;C:\Program Files\Git\cmd;C:\Program Files\Microsoft VS Code\bin;C:\Program Files\OpenJDK\openjdk-11.0.9_11\bin;C:\ProgramData\chocolatey\lib\maven\apache-maven-3.6.3\bin;C:\Windows\system32\config\systemprofile\AppData\Local\Microsoft\WindowsApps;;C:\WINDOWS\system32;C:\WINDOWS;C:\WINDOWS\System32\Wbem;C:\WINDOWS\System32\WindowsPowerShell\v1.0\;C:\WINDOWS\System32\OpenSSH\;C:\WINDOWS\system32\config\systemprofile\AppData\Local\Microsoft\WindowsApps;C:\Program Files\Java\jre7\bin;C:\ProgramData\nvm;C:\Program Files\nodejs;;C:\Program Files\dotnet\;C:\Program Files\Go\bin;C:\Program Files (x86)\NVIDIA Corporation\PhysX\Common;C:\Program Files\Docker\Docker\resources\bin;C:\ProgramData\DockerDesktop\version-bin;C:\Program Files (x86)\Yarn\bin\;C:\Program Files\OpenJDK\openjdk-8u312-b07\bin;C:\Program Files\nodejs\;C:\Users\cap10bill\AppData\Local\Microsoft\WindowsApps;C:\tools\dart-sdk\bin;C:\Users\cap10bill\AppData\Roaming\Pub\Cache\bin;C:\bin\scala-2.11.4\bin;C:\Users\cap10bill\go\bin;C:\Users\cap10bill\AppData\Local\Yarn\bin;C:\Users\cap10bill\AppData\Roaming\npm

Yarn version: 
  1.22.15

Node version: 
  17.2.0

Platform: 
  win32 x64

Trace: 
  SyntaxError: C:\Users\cap10bill\dev2\Fantasy-Map-Generator\package.json: Unexpected token , in JSON at position 233
      at JSON.parse (<anonymous>)
      at C:\Program Files (x86)\Yarn\lib\cli.js:1625:59
      at Generator.next (<anonymous>)
      at step (C:\Program Files (x86)\Yarn\lib\cli.js:310:30)
      at C:\Program Files (x86)\Yarn\lib\cli.js:321:13

npm manifest: 
  {
    "name": "Fantasy-Map-Generator",
    "version": "1.0.0",
    "main": "main.js",
    "repository": "git@github.com:howlingsails/Fantasy-Map-Generator.git",
    "author": "howlingsails <cap10bill@howlingsails.com>",
    "license": "MIT"
    
  },
  "scripts": {
    "start:" "python -m http.server 3500"
    
  }

yarn manifest: 
  No manifest

Lockfile: 
  # THIS IS AN AUTOGENERATED FILE. DO NOT EDIT THIS FILE DIRECTLY.
  # yarn lockfile v1
